<?xml version="1.0" encoding="UTF-8"?>
<!-- Generated by org.testng.reporters.JUnitXMLReporter -->
<testsuite ignored="0" hostname="DESKTOP-4PMJEBG" failures="2" tests="3" name="Default test(failed)" time="7.587" errors="0" timestamp="2022-06-09T18:45:58 IST">
  <testcase classname="takeScreenShotOnlyFailTestaseActiTIme.TestCase" name="actitime1valid" time="3.228"/>
  <testcase classname="takeScreenShotOnlyFailTestaseActiTIme.TestCase" name="afterlogin" time="0.064">
    <failure type="java.lang.AssertionError" message="The following asserts failed:
	containt mismatch expected [actiTIME - Enter Time-Trackkk] but found [actiTIME - Enter Time-Track]">
      <![CDATA[java.lang.AssertionError: The following asserts failed:
containt mismatch expected [actiTIME - Enter Time-Trackkk] but found [actiTIME - Enter Time-Track]
at takeScreenShotOnlyFailTestaseActiTIme.TestCase.afterlogin(TestCase.java:40)
at java.base/java.util.ArrayList.forEach(ArrayList.java:1511)
... Removed 29 stack frames]]>
    </failure>
  </testcase> <!-- afterlogin -->
  <testcase classname="takeScreenShotOnlyFailTestaseActiTIme.TestCase" name="Amytest" time="0.558">
    <failure type="java.lang.AssertionError" message="The following asserts failed:
	containt mismatch expected [actiTIME - Enter Time-Trackkk] but found [actiTIME - Enter Time-Track]">
      <![CDATA[java.lang.AssertionError: The following asserts failed:
containt mismatch expected [actiTIME - Enter Time-Trackkk] but found [actiTIME - Enter Time-Track]
at takeScreenShotOnlyFailTestaseActiTIme.TestCase.Amytest(TestCase.java:53)
at java.base/java.util.ArrayList.forEach(ArrayList.java:1511)
... Removed 29 stack frames]]>
    </failure>
  </testcase> <!-- Amytest -->
</testsuite> <!-- Default test(failed) -->
